<?xml version="1.0" encoding="UTF-8"?>
<!-- Generated by org.testng.reporters.JUnitReportReporter -->
<testsuite hostname="DESKTOP-FQUCIH5" failures="0" tests="1" name="Java_Selenium.Product.App" time="4.481" errors="0" timestamp="2023-12-07T23:14:10 IST" skipped="0">
  <testcase classname="Java_Selenium.Product.App" name="demoTest" time="4.481"/>
  <system-out/>
</testsuite> <!-- Java_Selenium.Product.App -->
